This file contains any messages produced by compilers while
running configure, to aid debugging if configure makes a mistake.

It was created by dno configure 0.5.1, which was
generated by GNU Autoconf 2.69.  Invocation command line was

  $ ./configure 

## --------- ##
## Platform. ##
## --------- ##

hostname = bloodnok
uname -m = x86_64
uname -r = 5.10.0-10-amd64
uname -s = Linux
uname -v = #1 SMP Debian 5.10.84-1 (2021-12-08)

/usr/bin/uname -p = unknown
/bin/uname -X     = unknown

/bin/arch              = unknown
/usr/bin/arch -k       = unknown
/usr/convex/getsysinfo = unknown
/usr/bin/hostinfo      = unknown
/bin/machine           = unknown
/usr/bin/oslevel       = unknown
/bin/universe          = unknown

PATH: /home/marc/perl5/bin
PATH: /usr/local/bin
PATH: /usr/bin
PATH: /bin
PATH: /usr/local/games
PATH: /usr/games


## ----------- ##
## Core tests. ##
## ----------- ##

configure:1734: checking for sed
configure:1750: found /bin/sed
configure:1762: result: yes
configure:1776: checking for gawk
configure:1792: found /usr/bin/gawk
configure:1804: result: yes
configure:1819: checking for dialog
configure:1852: result: no
configure:1859: checking for whiptail
configure:1877: found /usr/bin/whiptail
configure:1889: result: /usr/bin/whiptail
configure:1919: checking for pandoc
configure:1937: found /usr/bin/pandoc
configure:1949: result: /usr/bin/pandoc
configure:1963: checking for doxygen
configure:1981: found /usr/bin/doxygen
configure:1993: result: /usr/bin/doxygen
configure:2003: checking for dot
configure:2021: found /usr/bin/dot
configure:2033: result: /usr/bin/dot
configure:2077: checking build system type
configure:2091: result: x86_64-unknown-linux-gnu
configure:2111: checking host system type
configure:2124: result: x86_64-unknown-linux-gnu
configure:2151: checking Checking arduino installation dir
configure:2154: result: /usr/share/arduino
configure:2165: checking for /usr/share/arduino/hardware/arduino/avr/boards.txt
configure:2179: result: yes
configure:2366: creating ./config.status

## ---------------------- ##
## Running config.status. ##
## ---------------------- ##

This file was extended by dno config.status 0.5.1, which was
generated by GNU Autoconf 2.69.  Invocation command line was

  CONFIG_FILES    = 
  CONFIG_HEADERS  = 
  CONFIG_LINKS    = 
  CONFIG_COMMANDS = 
  $ ./config.status 

on bloodnok

config.status:750: creating Makefile.global
config.status:750: creating bin/dno_commands_for
config.status:750: creating bin/dno_bpp
config.status:750: creating bin/dno_dirinfo
config.status:750: creating bin/dno_menu
config.status:750: creating bin/dno
config.status:750: creating man/BOARD_INFO.md
config.status:750: creating man/BOARD_OPTIONS.md
config.status:750: creating man/BOARD_TYPE.md
config.status:750: creating man/dno.md
config.status:750: creating man/dno_bpp.md
config.status:750: creating man/dno_checksize.md
config.status:750: creating man/dno_commands_for.md
config.status:750: creating man/dno_dirinfo.md
config.status:750: creating man/dno_menu.md
config.status:750: creating man/dno_requote.md

## ---------------- ##
## Cache variables. ##
## ---------------- ##

ac_cv_build=x86_64-unknown-linux-gnu
ac_cv_env_build_alias_set=
ac_cv_env_build_alias_value=
ac_cv_env_host_alias_set=
ac_cv_env_host_alias_value=
ac_cv_env_target_alias_set=
ac_cv_env_target_alias_value=
ac_cv_file__usr_share_arduino_hardware_arduino_avr_boards_txt=yes
ac_cv_host=x86_64-unknown-linux-gnu
ac_cv_path_DOT=/usr/bin/dot
ac_cv_path_DOXYGEN=/usr/bin/doxygen
ac_cv_path_PANDOC=/usr/bin/pandoc
ac_cv_path_WHIPTAIL=/usr/bin/whiptail
ac_cv_prog_GAWK=yes
ac_cv_prog_SED=yes

## ----------------- ##
## Output variables. ##
## ----------------- ##

ARDUINO_DIR='/usr/share/arduino'
BOARDS_TXT='/usr/share/arduino/hardware/arduino/avr/boards.txt'
DEFS='-DPACKAGE_NAME=\"dno\" -DPACKAGE_TARNAME=\"dno\" -DPACKAGE_VERSION=\"0.5.1\" -DPACKAGE_STRING=\"dno\ 0.5.1\" -DPACKAGE_BUGREPORT=\"\" -DPACKAGE_URL=\"\"'
DIALOG='/usr/bin/whiptail'
DNO_EXTRA_BOARDS_FILE='/home/marc/.dno_boards_paths'
DNO_IDE_VERSION='00501'
DNO_RELEASE_DATE='December 2024'
DNO_VERSION='0.5.1'
DOT='/usr/bin/dot'
DOXYGEN='/usr/bin/doxygen'
ECHO_C=''
ECHO_N='-n'
ECHO_T=''
GAWK='yes'
HOST_OS='linux'
LIBOBJS=''
LIBS=''
LTLIBOBJS=''
PACKAGE_BUGREPORT=''
PACKAGE_NAME='dno'
PACKAGE_STRING='dno 0.5.1'
PACKAGE_TARNAME='dno'
PACKAGE_URL=''
PACKAGE_VERSION='0.5.1'
PANDOC='/usr/bin/pandoc'
PATH_SEPARATOR=':'
SED='yes'
SHELL='/bin/bash'
WHIPTAIL='/usr/bin/whiptail'
bindir='${exec_prefix}/bin'
build='x86_64-unknown-linux-gnu'
build_alias=''
build_cpu='x86_64'
build_os='linux-gnu'
build_vendor='unknown'
datadir='${datarootdir}'
datarootdir='${prefix}/share'
docdir='${datarootdir}/doc/${PACKAGE_TARNAME}'
dvidir='${docdir}'
exec_prefix='${prefix}'
host='x86_64-unknown-linux-gnu'
host_alias=''
host_cpu='x86_64'
host_os='linux-gnu'
host_vendor='unknown'
htmldir='${docdir}'
includedir='${prefix}/include'
infodir='${datarootdir}/info'
libdir='${exec_prefix}/lib'
libexecdir='${exec_prefix}/libexec'
localedir='${datarootdir}/locale'
localstatedir='${prefix}/var'
mandir='${datarootdir}/man'
oldincludedir='/usr/include'
pdfdir='${docdir}'
prefix='/usr/local'
program_transform_name='s,x,x,'
psdir='${docdir}'
runstatedir='${localstatedir}/run'
sbindir='${exec_prefix}/sbin'
sharedstatedir='${prefix}/com'
sysconfdir='${prefix}/etc'
target_alias=''

## ----------- ##
## confdefs.h. ##
## ----------- ##

/* confdefs.h */
#define PACKAGE_NAME "dno"
#define PACKAGE_TARNAME "dno"
#define PACKAGE_VERSION "0.5.1"
#define PACKAGE_STRING "dno 0.5.1"
#define PACKAGE_BUGREPORT ""
#define PACKAGE_URL ""

configure: exit 0
